2017-10-19 20:59:44,284 INFO  - DeviceController.Init(): Initializing device...
2017-10-19 20:59:49,406 INFO  - LoadSpis()
2017-10-19 20:59:49,412 INFO  - LoadSolenoids()
2017-10-19 20:59:49,431 INFO  - LoadAlarms()
2017-10-19 20:59:49,444 INFO  - LoadAnalogs()
2017-10-19 20:59:49,451 INFO  - LoadSchedules() todo
2017-10-19 20:59:49,453 INFO  - DeviceController.Init(): Initialization complete.
2017-10-19 20:59:49,489 DEBUG - LoadSpis(): Id:1 name:Test SPI 1 Clock:0 CS:0 MISO:18 MOSI:20 

2017-10-19 20:59:49,491 INFO  - SpiDevice Id:1 Name:Test SPI 1 Clock:0 CS:0 MISO:18 MOSI:20
2017-10-19 20:59:49,507 INFO  - GPIOSolenoid Id:1 Name: Description: Address:address 1234 State:False
2017-10-19 20:59:49,507 INFO  - GPIOSolenoid Id:2 Name: Description: Address:address 12345 State:False
2017-10-19 20:59:49,507 INFO  - GPIOSolenoid Id:3 Name: Description: Address:P1Pin26 State:False
2017-10-19 20:59:49,507 INFO  - GPIOSolenoid Id:4 Name: Description: Address:P1Pin21 State:False
2017-10-19 20:59:49,509 INFO  - DistributedSolenoid Id:5 Name: Description: Address:http://192.168.1.200/k01 State:False
2017-10-19 20:59:49,509 DEBUG - 5 Solenoids configured
2017-10-19 20:59:49,512 INFO  - GPIOAlarm Id:1 Name: Address: Description:25 State:False
2017-10-19 20:59:49,514 INFO  - DistributedAlarm Id:2 Name: Address: Description:http://192.168.1.200/k02 State:False
2017-10-19 20:59:49,515 INFO  - SPIAlarm Id:3 Name: Description: Address:0 State:False
2017-10-19 20:59:49,515 DEBUG - 3 Alarms configured
2017-10-19 20:59:49,688 ERROR - CreateEvent(): Response status code does not indicate success: 400 (Bad Request).
2017-10-19 20:59:49,688 ERROR - CreateEvent(): Response status code does not indicate success: 400 (Bad Request).
2017-10-19 20:59:49,691 INFO  - SPIAnalog Id:1 Name: Description: Address:1 Multiplier:0 Units: Value:0
2017-10-19 20:59:49,691 DEBUG - 1 Analogs configured
2017-10-19 21:03:08,018 INFO  - DeviceController.Init(): Initializing device...
2017-10-19 21:03:13,155 INFO  - LoadSpis()
2017-10-19 21:03:13,172 INFO  - LoadSolenoids()
2017-10-19 21:03:13,181 INFO  - LoadAlarms()
2017-10-19 21:03:13,188 INFO  - LoadAnalogs()
2017-10-19 21:03:13,191 INFO  - LoadSchedules() todo
2017-10-19 21:03:13,192 INFO  - DeviceController.Init(): Initialization complete.
2017-10-19 21:03:13,254 DEBUG - LoadSpis(): Id:1 name:Test SPI 1 Clock:0 CS:0 MISO:18 MOSI:20 

2017-10-19 21:03:13,255 INFO  - SpiDevice Id:1 Name:Test SPI 1 Clock:0 CS:0 MISO:18 MOSI:20
2017-10-19 21:03:13,261 INFO  - GPIOSolenoid Id:1 Name: Description: Address:address 1234 State:False
2017-10-19 21:03:13,261 INFO  - GPIOSolenoid Id:2 Name: Description: Address:address 12345 State:False
2017-10-19 21:03:13,261 INFO  - GPIOSolenoid Id:3 Name: Description: Address:P1Pin26 State:False
2017-10-19 21:03:13,261 INFO  - GPIOSolenoid Id:4 Name: Description: Address:P1Pin21 State:False
2017-10-19 21:03:13,262 INFO  - DistributedSolenoid Id:5 Name: Description: Address:http://192.168.1.200/k01 State:False
2017-10-19 21:03:13,263 DEBUG - 5 Solenoids configured
2017-10-19 21:03:13,268 INFO  - GPIOAlarm Id:1 Name: Address: Description:25 State:False
2017-10-19 21:03:13,269 INFO  - DistributedAlarm Id:2 Name: Address: Description:http://192.168.1.200/k02 State:False
2017-10-19 21:03:13,270 INFO  - SPIAlarm Id:3 Name: Description: Address:0 State:False
2017-10-19 21:03:13,270 DEBUG - 3 Alarms configured
2017-10-19 21:03:13,272 INFO  - SPIAnalog Id:1 Name: Description: Address:1 Multiplier:0 Units: Value:0
2017-10-19 21:03:13,272 DEBUG - 1 Analogs configured
2017-10-19 21:03:13,421 ERROR - CreateEvent(): Response status code does not indicate success: 400 (Bad Request).
2017-10-19 21:03:13,421 ERROR - CreateEvent(): Response status code does not indicate success: 400 (Bad Request).
2017-10-19 21:11:50,956 INFO  - DeviceController.Init(): Initializing device...
2017-10-19 21:11:56,090 INFO  - LoadSpis()
2017-10-19 21:11:56,099 INFO  - LoadSolenoids()
2017-10-19 21:11:56,109 INFO  - LoadAlarms()
2017-10-19 21:11:56,116 INFO  - LoadAnalogs()
2017-10-19 21:11:56,119 INFO  - LoadSchedules() todo
2017-10-19 21:11:56,120 INFO  - DeviceController.Init(): Initialization complete.
2017-10-19 21:11:56,164 DEBUG - LoadSpis(): Id:1 name:Test SPI 1 Clock:0 CS:0 MISO:18 MOSI:20 

2017-10-19 21:11:56,165 INFO  - SpiDevice Id:1 Name:Test SPI 1 Clock:0 CS:0 MISO:18 MOSI:20
2017-10-19 21:11:56,190 INFO  - GPIOAlarm Id:1 Name: Address: Description:25 State:False
2017-10-19 21:11:56,191 INFO  - GPIOSolenoid Id:1 Name: Description: Address:address 1234 State:False
2017-10-19 21:11:56,191 INFO  - GPIOSolenoid Id:2 Name: Description: Address:address 12345 State:False
2017-10-19 21:11:56,191 INFO  - GPIOSolenoid Id:3 Name: Description: Address:P1Pin26 State:False
2017-10-19 21:11:56,191 INFO  - GPIOSolenoid Id:4 Name: Description: Address:P1Pin21 State:False
2017-10-19 21:11:56,191 INFO  - DistributedAlarm Id:2 Name: Address: Description:http://192.168.1.200/k02 State:False
2017-10-19 21:11:56,192 INFO  - SPIAlarm Id:3 Name: Description: Address:0 State:False
2017-10-19 21:11:56,192 INFO  - DistributedSolenoid Id:5 Name: Description: Address:http://192.168.1.200/k01 State:False
2017-10-19 21:11:56,192 DEBUG - 3 Alarms configured
2017-10-19 21:11:56,192 DEBUG - 5 Solenoids configured
2017-10-19 21:11:56,201 INFO  - SPIAnalog Id:1 Name: Description: Address:1 Multiplier:0 Units: Value:0
2017-10-19 21:11:56,201 DEBUG - 1 Analogs configured
2017-10-19 21:11:56,319 ERROR - CreateEvent(): Response status code does not indicate success: 400 (Bad Request).
2017-10-19 21:11:56,335 ERROR - CreateEvent(): Response status code does not indicate success: 400 (Bad Request).
2017-10-19 21:16:20,894 INFO  - DeviceController.Init(): Initializing device...
2017-10-19 21:16:26,020 INFO  - LoadSpis()
2017-10-19 21:16:26,031 INFO  - LoadSolenoids()
2017-10-19 21:16:26,043 INFO  - LoadAlarms()
2017-10-19 21:16:26,049 INFO  - LoadAnalogs()
2017-10-19 21:16:26,051 INFO  - LoadSchedules() todo
2017-10-19 21:16:26,052 INFO  - DeviceController.Init(): Initialization complete.
2017-10-19 21:16:26,144 DEBUG - LoadSpis(): Id:1 name:Test SPI 1 Clock:0 CS:0 MISO:18 MOSI:20 

2017-10-19 21:16:26,145 INFO  - SpiDevice Id:1 Name:Test SPI 1 Clock:0 CS:0 MISO:18 MOSI:20
2017-10-19 21:16:26,151 INFO  - GPIOSolenoid Id:1 Name: Description: Address:address 1234 State:False
2017-10-19 21:16:26,151 INFO  - GPIOSolenoid Id:2 Name: Description: Address:address 12345 State:False
2017-10-19 21:16:26,151 INFO  - GPIOSolenoid Id:3 Name: Description: Address:P1Pin26 State:False
2017-10-19 21:16:26,151 INFO  - GPIOSolenoid Id:4 Name: Description: Address:P1Pin21 State:False
2017-10-19 21:16:26,151 INFO  - DistributedSolenoid Id:5 Name: Description: Address:http://192.168.1.200/k01 State:False
2017-10-19 21:16:26,151 DEBUG - 5 Solenoids configured
2017-10-19 21:16:26,174 INFO  - GPIOAlarm Id:1 Name: Address: Description:25 State:False
2017-10-19 21:16:26,175 INFO  - DistributedAlarm Id:2 Name: Address: Description:http://192.168.1.200/k02 State:False
2017-10-19 21:16:26,176 INFO  - SPIAlarm Id:3 Name: Description: Address:0 State:False
2017-10-19 21:16:26,176 DEBUG - 3 Alarms configured
2017-10-19 21:16:26,178 INFO  - SPIAnalog Id:1 Name: Description: Address:1 Multiplier:0 Units: Value:0
2017-10-19 21:16:26,178 DEBUG - 1 Analogs configured
2017-10-19 21:16:26,297 ERROR - CreateEvent(): Response status code does not indicate success: 400 (Bad Request).
2017-10-19 21:16:26,314 ERROR - CreateEvent(): Response status code does not indicate success: 400 (Bad Request).
2017-10-19 21:20:24,788 INFO  - DeviceController.Init(): Initializing device...
2017-10-19 21:20:29,926 INFO  - LoadSpis()
2017-10-19 21:20:29,936 INFO  - LoadSolenoids()
2017-10-19 21:20:29,949 INFO  - LoadAlarms()
2017-10-19 21:20:29,959 INFO  - LoadAnalogs()
2017-10-19 21:20:29,962 INFO  - LoadSchedules() todo
2017-10-19 21:20:29,962 INFO  - DeviceController.Init(): Initialization complete.
2017-10-19 21:20:30,028 DEBUG - LoadSpis(): Id:1 name:Test SPI 1 Clock:0 CS:0 MISO:18 MOSI:20 

2017-10-19 21:20:30,030 INFO  - SpiDevice Id:1 Name:Test SPI 1 Clock:0 CS:0 MISO:18 MOSI:20
2017-10-19 21:20:30,043 INFO  - GPIOAlarm Id:1 Name: Address: Description:25 State:False
2017-10-19 21:20:30,043 INFO  - GPIOSolenoid Id:1 Name: Description: Address:address 1234 State:False
2017-10-19 21:20:30,043 INFO  - GPIOSolenoid Id:2 Name: Description: Address:address 12345 State:False
2017-10-19 21:20:30,043 INFO  - GPIOSolenoid Id:3 Name: Description: Address:P1Pin26 State:False
2017-10-19 21:20:30,043 INFO  - GPIOSolenoid Id:4 Name: Description: Address:P1Pin21 State:False
2017-10-19 21:20:30,044 INFO  - DistributedAlarm Id:2 Name: Address: Description:http://192.168.1.200/k02 State:False
2017-10-19 21:20:30,044 INFO  - DistributedSolenoid Id:5 Name: Description: Address:http://192.168.1.200/k01 State:False
2017-10-19 21:20:30,044 DEBUG - 5 Solenoids configured
2017-10-19 21:20:30,045 INFO  - SPIAlarm Id:3 Name: Description: Address:0 State:False
2017-10-19 21:20:30,045 DEBUG - 3 Alarms configured
2017-10-19 21:20:30,087 INFO  - SPIAnalog Id:1 Name: Description: Address:1 Multiplier:0 Units: Value:0
2017-10-19 21:20:30,087 DEBUG - 1 Analogs configured
2017-10-25 22:16:49,000 INFO  - DeviceController.Init(): Initializing device...
2017-10-25 22:16:54,427 INFO  - LoadSpis()
2017-10-25 22:16:54,442 INFO  - LoadSolenoids()
2017-10-25 22:16:54,460 INFO  - LoadAlarms()
2017-10-25 22:16:54,465 INFO  - LoadAnalogs()
2017-10-25 22:16:54,468 INFO  - LoadSchedules() todo
2017-10-25 22:16:54,469 INFO  - DeviceController.Init(): Initialization complete.
2017-10-25 22:16:54,550 DEBUG - LoadSpis(): Id:3 name:Test SPI 1 Clock:0 CS:0 MISO:18 MOSI:20 

2017-10-25 22:16:54,551 INFO  - SpiDevice Id:3 Name:Test SPI 1 Clock:0 CS:0 MISO:18 MOSI:20
2017-10-25 22:16:54,551 INFO  - DistributedAlarm Id:9 Name: Address: Description:http://192.168.1.100/k2 State:False
2017-10-25 22:16:54,552 INFO  - GPIOAlarm Id:10 Name: Address: Description:P1Pin28 State:False
2017-10-25 22:16:54,553 INFO  - SPIAlarm Id:11 Name: Description: Address:1 State:False
2017-10-25 22:16:54,553 INFO  - GPIOAlarm Id:12 Name: Address: Description:P1Pin21 State:False
2017-10-25 22:16:54,554 DEBUG - 4 Alarms configured
2017-10-25 22:16:54,556 INFO  - GPIOSolenoid Id:5 Name: Description: Address:P1Pin25 State:False
2017-10-25 22:16:54,556 INFO  - GPIOSolenoid Id:6 Name: Description: Address:P1Pin28 State:False
2017-10-25 22:16:54,556 INFO  - GPIOSolenoid Id:7 Name: Description: Address:P1Pin26 State:False
2017-10-25 22:16:54,556 INFO  - GPIOSolenoid Id:8 Name: Description: Address:P1Pin21 State:False
2017-10-25 22:16:54,556 DEBUG - 4 Solenoids configured
2017-10-25 22:16:54,558 DEBUG - 0 Analogs configured
2017-10-25 22:16:55,092 ERROR - CreateEvent(): Response status code does not indicate success: 400 (Bad Request).
2017-10-25 22:16:55,092 ERROR - CreateEvent(): Response status code does not indicate success: 400 (Bad Request).
2017-10-25 22:18:43,898 INFO  - DeviceController.Init(): Initializing device...
2017-10-25 22:18:49,002 INFO  - LoadSpis()
2017-10-25 22:18:49,010 INFO  - LoadSolenoids()
2017-10-25 22:18:49,017 INFO  - LoadAlarms()
2017-10-25 22:18:49,023 INFO  - LoadAnalogs()
2017-10-25 22:18:49,026 INFO  - LoadSchedules() todo
2017-10-25 22:18:49,027 INFO  - DeviceController.Init(): Initialization complete.
2017-10-25 22:18:49,087 DEBUG - LoadSpis(): Id:3 name:Test SPI 1 Clock:0 CS:0 MISO:18 MOSI:20 

2017-10-25 22:18:49,088 INFO  - SpiDevice Id:3 Name:Test SPI 1 Clock:0 CS:0 MISO:18 MOSI:20
2017-10-25 22:18:49,088 INFO  - GPIOSolenoid Id:5 Name: Description: Address:P1Pin25 State:False
2017-10-25 22:18:49,088 INFO  - GPIOSolenoid Id:6 Name: Description: Address:P1Pin28 State:False
2017-10-25 22:18:49,088 INFO  - GPIOSolenoid Id:7 Name: Description: Address:P1Pin26 State:False
2017-10-25 22:18:49,088 INFO  - GPIOSolenoid Id:8 Name: Description: Address:P1Pin21 State:False
2017-10-25 22:18:49,089 DEBUG - 4 Solenoids configured
2017-10-25 22:18:49,093 INFO  - DistributedAlarm Id:9 Name: Address: Description:http://192.168.1.100/k2 State:False
2017-10-25 22:18:49,094 INFO  - GPIOAlarm Id:10 Name: Address: Description:P1Pin28 State:False
2017-10-25 22:18:49,096 INFO  - SPIAlarm Id:11 Name: Description: Address:1 State:False
2017-10-25 22:18:49,096 INFO  - GPIOAlarm Id:12 Name: Address: Description:P1Pin21 State:False
2017-10-25 22:18:49,096 DEBUG - 4 Alarms configured
2017-10-25 22:18:49,100 INFO  - SPIAnalog Id:3 Name: Description: Address:http://192.168.1.100/k2 Multiplier:0 Units: Value:0
2017-10-25 22:18:49,100 DEBUG - 1 Analogs configured
2017-10-25 22:18:49,252 ERROR - CreateEvent(): Response status code does not indicate success: 400 (Bad Request).
2017-10-25 22:18:49,252 ERROR - CreateEvent(): Response status code does not indicate success: 400 (Bad Request).
2017-10-25 22:20:31,979 INFO  - DeviceController.Init(): Initializing device...
2017-10-25 22:20:37,181 INFO  - LoadSpis()
2017-10-25 22:20:37,190 INFO  - LoadSolenoids()
2017-10-25 22:20:37,198 INFO  - LoadAlarms()
2017-10-25 22:20:37,205 INFO  - LoadAnalogs()
2017-10-25 22:20:37,209 INFO  - LoadSchedules() todo
2017-10-25 22:20:37,210 INFO  - DeviceController.Init(): Initialization complete.
2017-10-25 22:20:37,274 DEBUG - LoadSpis(): Id:3 name:Test SPI 1 Clock:0 CS:0 MISO:18 MOSI:20 

2017-10-25 22:20:37,274 INFO  - SpiDevice Id:3 Name:Test SPI 1 Clock:0 CS:0 MISO:18 MOSI:20
2017-10-25 22:20:37,293 INFO  - GPIOSolenoid Id:5 Name: Description: Address:P1Pin25 State:False
2017-10-25 22:20:37,293 INFO  - GPIOSolenoid Id:6 Name: Description: Address:P1Pin28 State:False
2017-10-25 22:20:37,293 INFO  - GPIOSolenoid Id:7 Name: Description: Address:P1Pin26 State:False
2017-10-25 22:20:37,293 INFO  - GPIOSolenoid Id:8 Name: Description: Address:P1Pin21 State:False
2017-10-25 22:20:37,293 DEBUG - 4 Solenoids configured
2017-10-25 22:20:37,297 INFO  - DistributedAlarm Id:9 Name: Address: Description:http://192.168.1.100/k2 State:False
2017-10-25 22:20:37,298 INFO  - GPIOAlarm Id:10 Name: Address: Description:P1Pin28 State:False
2017-10-25 22:20:37,298 INFO  - SPIAlarm Id:11 Name: Description: Address:1 State:False
2017-10-25 22:20:37,298 INFO  - GPIOAlarm Id:12 Name: Address: Description:P1Pin21 State:False
2017-10-25 22:20:37,299 DEBUG - 4 Alarms configured
2017-10-25 22:20:37,535 ERROR - CreateEvent(): Response status code does not indicate success: 400 (Bad Request).
2017-10-25 22:20:37,535 ERROR - CreateEvent(): Response status code does not indicate success: 400 (Bad Request).
2017-10-25 22:20:37,542 INFO  - SPIAnalog Id:3 Name: Description: Address:http://192.168.1.100/k2 Multiplier:0 Units: Value:0
2017-10-25 22:20:37,542 DEBUG - 1 Analogs configured
2017-10-25 22:23:40,947 INFO  - DeviceController.Init(): Initializing device...
2017-10-25 22:23:46,079 INFO  - LoadSpis()
2017-10-25 22:23:46,097 INFO  - LoadSolenoids()
2017-10-25 22:23:46,109 INFO  - LoadAlarms()
2017-10-25 22:23:46,118 INFO  - LoadAnalogs()
2017-10-25 22:23:46,120 INFO  - LoadSchedules() todo
2017-10-25 22:23:46,120 INFO  - DeviceController.Init(): Initialization complete.
2017-10-25 22:23:46,180 DEBUG - LoadSpis(): Id:3 name:Test SPI 1 Clock:0 CS:0 MISO:18 MOSI:20 

2017-10-25 22:23:46,181 INFO  - SpiDevice Id:3 Name:Test SPI 1 Clock:0 CS:0 MISO:18 MOSI:20
2017-10-25 22:23:46,193 INFO  - GPIOSolenoid Id:5 Name: Description: Address:P1Pin25 State:False
2017-10-25 22:23:46,193 INFO  - GPIOSolenoid Id:6 Name: Description: Address:P1Pin28 State:False
2017-10-25 22:23:46,193 INFO  - GPIOSolenoid Id:7 Name: Description: Address:P1Pin26 State:False
2017-10-25 22:23:46,193 INFO  - GPIOSolenoid Id:8 Name: Description: Address:P1Pin21 State:False
2017-10-25 22:23:46,194 DEBUG - 4 Solenoids configured
2017-10-25 22:23:46,214 INFO  - SPIAnalog Id:3 Name: Description: Address:http://192.168.1.100/k2 Multiplier:0 Units: Value:0
2017-10-25 22:23:46,214 DEBUG - 1 Analogs configured
2017-10-25 22:23:46,214 INFO  - DistributedAlarm Id:9 Name: Address: Description:http://192.168.1.100/k2 State:False
2017-10-25 22:23:46,215 INFO  - GPIOAlarm Id:10 Name: Address: Description:P1Pin28 State:False
2017-10-25 22:23:46,215 INFO  - SPIAlarm Id:11 Name: Description: Address:1 State:False
2017-10-25 22:23:46,216 INFO  - GPIOAlarm Id:12 Name: Address: Description:P1Pin21 State:False
2017-10-25 22:23:46,216 DEBUG - 4 Alarms configured
2017-10-30 09:02:41,796 INFO  - DeviceController.Init(): Initializing device...
2017-10-30 09:02:47,207 INFO  - LoadSpis()
2017-10-30 09:02:47,238 INFO  - LoadSolenoids()
2017-10-30 09:02:47,260 INFO  - LoadAlarms()
2017-10-30 09:02:47,266 INFO  - LoadAnalogs()
2017-10-30 09:02:47,270 INFO  - LoadSchedules() todo
2017-10-30 09:02:47,270 INFO  - DeviceController.Init(): Initialization complete.
2017-10-30 09:02:47,281 DEBUG - LoadSpis(): Id:3 name:Test SPI 1 Clock:0 CS:0 MISO:18 MOSI:20 

2017-10-30 09:02:47,282 INFO  - SpiDevice Id:3 Name:Test SPI 1 Clock:0 CS:0 MISO:18 MOSI:20
2017-10-30 09:02:47,308 INFO  - GPIOSolenoid Id:5 Name: Description: Address:P1Pin25 State:False
2017-10-30 09:02:47,308 INFO  - GPIOSolenoid Id:6 Name: Description: Address:P1Pin28 State:False
2017-10-30 09:02:47,308 INFO  - GPIOSolenoid Id:7 Name: Description: Address:P1Pin26 State:False
2017-10-30 09:02:47,308 INFO  - GPIOSolenoid Id:8 Name: Description: Address:P1Pin21 State:False
2017-10-30 09:02:47,309 DEBUG - 4 Solenoids configured
2017-10-30 09:02:47,348 INFO  - DistributedAlarm Id:9 Name: Address: Description:http://192.168.1.100/k2 State:False
2017-10-30 09:02:47,349 INFO  - GPIOAlarm Id:10 Name: Address: Description:P1Pin28 State:False
2017-10-30 09:02:47,351 INFO  - SPIAlarm Id:11 Name: Description: Address:1 State:False
2017-10-30 09:02:47,351 INFO  - GPIOAlarm Id:12 Name: Address: Description:P1Pin21 State:False
2017-10-30 09:02:47,351 DEBUG - 4 Alarms configured
2017-10-30 09:02:47,351 INFO  - SPIAnalog Id:3 Name: Description: Address:http://192.168.1.100/k2 Multiplier:0 Units: Value:0
2017-10-30 09:02:47,351 DEBUG - 1 Analogs configured
2017-11-01 12:13:45,779 INFO  - DeviceController.Init(): Initializing device...
2017-11-01 12:13:51,058 INFO  - LoadSpis()
2017-11-01 12:13:51,072 INFO  - LoadSolenoids()
2017-11-01 12:13:51,083 INFO  - LoadAlarms()
2017-11-01 12:13:51,090 INFO  - LoadAnalogs()
2017-11-01 12:13:51,094 INFO  - LoadSchedules() todo
2017-11-01 12:13:51,095 INFO  - DeviceController.Init(): Initialization complete.
2017-11-01 12:13:51,142 DEBUG - 0 Alarms configured
2017-11-01 12:15:53,108 INFO  - DeviceController.Init(): Initializing device...
2017-11-01 12:15:58,241 INFO  - LoadSpis()
2017-11-01 12:15:58,256 INFO  - LoadSolenoids()
2017-11-01 12:15:58,264 INFO  - LoadAlarms()
2017-11-01 12:15:58,271 INFO  - LoadAnalogs()
2017-11-01 12:15:58,273 INFO  - LoadSchedules() todo
2017-11-01 12:15:58,274 INFO  - DeviceController.Init(): Initialization complete.
2017-11-01 12:15:58,362 DEBUG - 0 Solenoids configured
2017-11-01 12:15:58,378 DEBUG - 0 Analogs configured
2017-11-01 12:15:58,418 DEBUG - 0 Alarms configured
2017-11-01 13:13:14,702 INFO  - DeviceController.Init(): Initializing device...
2017-11-01 13:13:19,811 INFO  - LoadSpis()
2017-11-01 13:13:19,817 INFO  - LoadSolenoids()
2017-11-01 13:13:19,823 INFO  - LoadAlarms()
2017-11-01 13:13:19,828 INFO  - LoadAnalogs()
2017-11-01 13:13:19,830 INFO  - LoadSchedules() todo
2017-11-01 13:13:19,830 INFO  - DeviceController.Init(): Initialization complete.
2017-11-01 13:13:19,886 DEBUG - 0 Solenoids configured
2017-11-01 13:13:19,902 INFO  - DistributedAlarm Id:1 Name:Station1 Address:Test alarm 1 Description:http://192.168.1.100/k2 State:False
2017-11-01 13:13:19,903 INFO  - GPIOAlarm Id:2 Name:Station2 Address:Test alarm 2 Description:P1Pin28 State:False
2017-11-01 13:13:19,905 INFO  - DistributedAlarm Id:3 Name:Station3 Address:Test alarm 3 Description:1 State:False
2017-11-01 13:13:19,905 INFO  - GPIOAlarm Id:4 Name:Station4 Address:Test alarm 4 Description:P1Pin21 State:False
2017-11-01 13:13:19,905 DEBUG - 4 Alarms configured
2017-11-01 13:13:19,931 INFO  - SPIAnalog Id:1 Name: Description: Address:http://192.168.1.100/k2 Multiplier:0 Units: Value:0
2017-11-01 13:13:19,931 DEBUG - 1 Analogs configured
2017-11-01 13:13:20,054 ERROR - GetCommands(): Input string was not in a correct format.
2017-11-01 13:13:24,943 ERROR - GetCommands(): Input string was not in a correct format.
2017-11-01 13:13:29,884 ERROR - GetCommands(): Input string was not in a correct format.
2017-11-01 13:13:34,923 ERROR - GetCommands(): Input string was not in a correct format.
2017-11-01 13:13:39,905 ERROR - GetCommands(): Input string was not in a correct format.
2017-11-01 13:35:21,986 INFO  - =====================================================
2017-11-01 13:35:22,009 INFO  - DeviceController.Init(): Initializing device...
2017-11-01 13:35:27,131 INFO  - LoadSpis()
2017-11-01 13:35:27,147 INFO  - LoadSolenoids()
2017-11-01 13:35:27,156 INFO  - LoadAlarms()
2017-11-01 13:35:27,163 INFO  - LoadAnalogs()
2017-11-01 13:35:27,167 INFO  - LoadSchedules() todo
2017-11-01 13:35:27,167 INFO  - DeviceController.Init(): Initialization complete.
2017-11-01 13:35:27,283 DEBUG - 0 Solenoids configured
2017-11-01 13:35:27,373 ERROR - GetCommands(): Input string was not in a correct format.
2017-11-01 13:35:27,389 INFO  - SPIAnalog Id:1 Name: Description: Address:http://192.168.1.100/k2 Multiplier:0 Units: Value:0
2017-11-01 13:35:27,389 DEBUG - 1 Analogs configured
2017-11-01 13:35:27,395 INFO  - DistributedAlarm Id:1 Name:Station1 Address:Test alarm 1 Description:http://192.168.1.100/k2 State:False
2017-11-01 13:35:27,396 INFO  - GPIOAlarm Id:2 Name:Station2 Address:Test alarm 2 Description:P1Pin28 State:False
2017-11-01 13:35:27,398 INFO  - DistributedAlarm Id:3 Name:Station3 Address:Test alarm 3 Description:1 State:False
2017-11-01 13:35:27,398 INFO  - GPIOAlarm Id:4 Name:Station4 Address:Test alarm 4 Description:P1Pin21 State:False
2017-11-01 13:35:27,398 DEBUG - 4 Alarms configured
2017-11-01 13:35:32,338 ERROR - GetCommands(): Input string was not in a correct format.
2017-11-01 13:35:37,250 ERROR - GetCommands(): Input string was not in a correct format.
2017-11-02 09:50:42,051 INFO  - =====================================================
2017-11-02 09:50:42,067 INFO  - DeviceController.Init(): Initializing device...
2017-11-02 09:50:47,200 INFO  - LoadSpis()
2017-11-02 09:50:47,219 INFO  - LoadSolenoids()
2017-11-02 09:50:47,228 INFO  - LoadAlarms()
2017-11-02 09:50:47,236 INFO  - LoadAnalogs()
2017-11-02 09:50:47,238 INFO  - LoadSchedules() todo
2017-11-02 09:50:47,238 INFO  - DeviceController.Init(): Initialization complete.
2017-11-02 09:50:47,273 INFO  - GPIOSolenoid Id:1 Name:Station1 Description:Test solenoid 1 Address:P1Pin25 State:False
2017-11-02 09:50:47,274 INFO  - GPIOSolenoid Id:2 Name:Station2 Description:Test solenoid 2 Address:P1Pin28 State:False
2017-11-02 09:50:47,274 INFO  - GPIOSolenoid Id:3 Name:Station3 Description:Test solenoid 3 Address:P1Pin26 State:False
2017-11-02 09:50:47,274 INFO  - GPIOSolenoid Id:4 Name:Station4 Description:Test solenoid 4 Address:P1Pin21 State:False
2017-11-02 09:50:47,274 DEBUG - 4 Solenoids configured
2017-11-02 09:50:47,308 INFO  - DistributedAlarm Id:1 Name:Station1 Address:Test alarm 1 Description:http://192.168.1.100/k2 State:False
2017-11-02 09:50:47,309 INFO  - GPIOAlarm Id:2 Name:Station2 Address:Test alarm 2 Description:P1Pin28 State:False
2017-11-02 09:50:47,309 INFO  - SPIAnalog Id:1 Name: Description: Address:http://192.168.1.100/k2 Multiplier:0 Units: Value:0
2017-11-02 09:50:47,309 DEBUG - 1 Analogs configured
2017-11-02 09:50:47,310 INFO  - DistributedAlarm Id:3 Name:Station3 Address:Test alarm 3 Description:1 State:False
2017-11-02 09:50:47,310 INFO  - GPIOAlarm Id:4 Name:Station4 Address:Test alarm 4 Description:P1Pin21 State:False
2017-11-02 09:50:47,311 DEBUG - 4 Alarms configured
2017-11-02 09:50:47,320 INFO  - Switching to Manual mode
2017-11-02 09:50:47,320 DEBUG - SolenoidsOff()
2017-11-02 09:53:40,161 INFO  - =====================================================
2017-11-02 09:53:40,176 INFO  - DeviceController.Init(): Initializing device...
2017-11-02 09:53:45,282 INFO  - LoadSpis()
2017-11-02 09:53:45,292 INFO  - LoadSolenoids()
2017-11-02 09:53:45,303 INFO  - LoadAlarms()
2017-11-02 09:53:45,308 INFO  - LoadAnalogs()
2017-11-02 09:53:45,311 INFO  - LoadSchedules() todo
2017-11-02 09:53:45,311 INFO  - DeviceController.Init(): Initialization complete.
2017-11-02 09:53:45,414 INFO  - Switching to Manual mode
2017-11-02 09:53:45,415 DEBUG - SolenoidsOff()
2017-11-02 09:53:45,424 INFO  - GPIOSolenoid Id:1 Name:Station1 Description:Test solenoid 1 Address:P1Pin25 State:False
2017-11-02 09:53:45,424 INFO  - GPIOSolenoid Id:2 Name:Station2 Description:Test solenoid 2 Address:P1Pin28 State:False
2017-11-02 09:53:45,424 INFO  - GPIOSolenoid Id:3 Name:Station3 Description:Test solenoid 3 Address:P1Pin26 State:False
2017-11-02 09:53:45,424 INFO  - GPIOSolenoid Id:4 Name:Station4 Description:Test solenoid 4 Address:P1Pin21 State:False
2017-11-02 09:53:45,424 DEBUG - 4 Solenoids configured
2017-11-02 09:53:45,491 INFO  - SPIAnalog Id:1 Name: Description: Address:http://192.168.1.100/k2 Multiplier:0 Units: Value:0
2017-11-02 09:53:45,491 DEBUG - 1 Analogs configured
2017-11-02 09:56:54,719 INFO  - =====================================================
2017-11-02 09:56:54,741 INFO  - DeviceController.Init(): Initializing device...
2017-11-02 09:56:59,851 INFO  - LoadSpis()
2017-11-02 09:56:59,870 INFO  - LoadSolenoids()
2017-11-02 09:56:59,892 INFO  - LoadAlarms()
2017-11-02 09:56:59,900 INFO  - LoadAnalogs()
2017-11-02 09:56:59,904 INFO  - LoadSchedules() todo
2017-11-02 09:56:59,905 INFO  - DeviceController.Init(): Initialization complete.
2017-11-02 09:56:59,992 INFO  - DistributedAlarm Id:1 Name:Station1 Address:Test alarm 1 Description:http://192.168.1.100/k2 State:False
2017-11-02 09:56:59,993 INFO  - GPIOAlarm Id:2 Name:Station2 Address:Test alarm 2 Description:P1Pin28 State:False
2017-11-02 09:56:59,994 INFO  - DistributedAlarm Id:3 Name:Station3 Address:Test alarm 3 Description:1 State:False
2017-11-02 09:56:59,994 INFO  - GPIOAlarm Id:4 Name:Station4 Address:Test alarm 4 Description:P1Pin21 State:False
2017-11-02 09:56:59,995 DEBUG - 4 Alarms configured
2017-11-02 09:56:59,998 INFO  - GPIOSolenoid Id:1 Name:Station1 Description:Test solenoid 1 Address:P1Pin25 State:False
2017-11-02 09:56:59,998 INFO  - GPIOSolenoid Id:2 Name:Station2 Description:Test solenoid 2 Address:P1Pin28 State:False
2017-11-02 09:56:59,998 INFO  - GPIOSolenoid Id:3 Name:Station3 Description:Test solenoid 3 Address:P1Pin26 State:False
2017-11-02 09:56:59,998 INFO  - GPIOSolenoid Id:4 Name:Station4 Description:Test solenoid 4 Address:P1Pin21 State:False
2017-11-02 09:56:59,998 DEBUG - 4 Solenoids configured
2017-11-02 09:57:00,019 INFO  - SPIAnalog Id:1 Name: Description: Address:http://192.168.1.100/k2 Multiplier:0 Units: Value:0
2017-11-02 09:57:00,019 DEBUG - 1 Analogs configured
2017-11-02 09:57:00,023 INFO  - Switching to Manual mode
2017-11-02 09:57:00,024 DEBUG - SolenoidsOff()
2017-11-02 09:59:52,980 INFO  - =====================================================
2017-11-02 09:59:52,996 INFO  - DeviceController.Init(): Initializing device...
2017-11-02 09:59:58,097 INFO  - LoadSpis()
2017-11-02 09:59:58,112 INFO  - LoadSolenoids()
2017-11-02 09:59:58,120 INFO  - LoadAlarms()
2017-11-02 09:59:58,128 INFO  - LoadAnalogs()
2017-11-02 09:59:58,132 INFO  - LoadSchedules() todo
2017-11-02 09:59:58,132 INFO  - DeviceController.Init(): Initialization complete.
2017-11-02 09:59:58,165 INFO  - DistributedAlarm Id:1 Name:Station1 Address:Test alarm 1 Description:http://192.168.1.100/k2 State:False
2017-11-02 09:59:58,167 INFO  - GPIOAlarm Id:2 Name:Station2 Address:Test alarm 2 Description:P1Pin28 State:False
2017-11-02 09:59:58,169 INFO  - DistributedAlarm Id:3 Name:Station3 Address:Test alarm 3 Description:1 State:False
2017-11-02 09:59:58,169 INFO  - GPIOAlarm Id:4 Name:Station4 Address:Test alarm 4 Description:P1Pin21 State:False
2017-11-02 09:59:58,170 DEBUG - 4 Alarms configured
2017-11-02 09:59:58,172 INFO  - GPIOSolenoid Id:1 Name:Station1 Description:Test solenoid 1 Address:P1Pin25 State:False
2017-11-02 09:59:58,172 INFO  - GPIOSolenoid Id:2 Name:Station2 Description:Test solenoid 2 Address:P1Pin28 State:False
2017-11-02 09:59:58,172 INFO  - GPIOSolenoid Id:3 Name:Station3 Description:Test solenoid 3 Address:P1Pin26 State:False
2017-11-02 09:59:58,172 INFO  - GPIOSolenoid Id:4 Name:Station4 Description:Test solenoid 4 Address:P1Pin21 State:False
2017-11-02 09:59:58,172 DEBUG - 4 Solenoids configured
2017-11-02 09:59:58,186 INFO  - Switching to Manual mode
2017-11-02 09:59:58,189 DEBUG - SolenoidsOff()
2017-11-02 09:59:58,190 INFO  - SPIAnalog Id:1 Name: Description: Address:http://192.168.1.100/k2 Multiplier:0 Units: Value:0
2017-11-02 09:59:58,190 DEBUG - 1 Analogs configured
2017-11-02 10:02:03,900 INFO  - =====================================================
2017-11-02 10:02:03,916 INFO  - DeviceController.Init(): Initializing device...
2017-11-02 10:02:09,028 INFO  - LoadSpis()
2017-11-02 10:02:09,039 INFO  - LoadSolenoids()
2017-11-02 10:02:09,045 INFO  - LoadAlarms()
2017-11-02 10:02:09,054 INFO  - LoadAnalogs()
2017-11-02 10:02:09,056 INFO  - LoadSchedules() todo
2017-11-02 10:02:09,057 INFO  - DeviceController.Init(): Initialization complete.
2017-11-02 10:02:09,135 INFO  - Switching to Manual mode
2017-11-02 10:02:09,136 DEBUG - SolenoidsOff()
2017-11-02 10:02:09,151 INFO  - DistributedAlarm Id:1 Name:Station1 Address:Test alarm 1 Description:http://192.168.1.100/k2 State:False
2017-11-02 10:02:09,152 INFO  - GPIOAlarm Id:2 Name:Station2 Address:Test alarm 2 Description:P1Pin28 State:False
2017-11-02 10:02:09,153 INFO  - DistributedAlarm Id:3 Name:Station3 Address:Test alarm 3 Description:1 State:False
2017-11-02 10:02:09,153 INFO  - GPIOAlarm Id:4 Name:Station4 Address:Test alarm 4 Description:P1Pin21 State:False
2017-11-02 10:02:09,154 DEBUG - 4 Alarms configured
2017-11-02 10:02:09,178 INFO  - GPIOSolenoid Id:1 Name:Station1 Description:Test solenoid 1 Address:P1Pin25 State:False
2017-11-02 10:02:09,179 INFO  - GPIOSolenoid Id:2 Name:Station2 Description:Test solenoid 2 Address:P1Pin28 State:False
2017-11-02 10:02:09,179 INFO  - GPIOSolenoid Id:3 Name:Station3 Description:Test solenoid 3 Address:P1Pin26 State:False
2017-11-02 10:02:09,179 INFO  - GPIOSolenoid Id:4 Name:Station4 Description:Test solenoid 4 Address:P1Pin21 State:False
2017-11-02 10:02:09,179 DEBUG - 4 Solenoids configured
2017-11-02 10:02:09,210 INFO  - SPIAnalog Id:1 Name: Description: Address:http://192.168.1.100/k2 Multiplier:0 Units: Value:0
2017-11-02 10:02:09,210 DEBUG - 1 Analogs configured
2017-11-02 10:02:14,115 INFO  - Switching to Manual mode
2017-11-02 10:02:14,116 DEBUG - SolenoidsOff()
2017-11-02 10:22:55,236 INFO  - =====================================================
2017-11-02 10:22:55,256 INFO  - DeviceController.Init(): Initializing device...
2017-11-02 10:23:00,366 INFO  - LoadSpis()
2017-11-02 10:23:00,373 INFO  - LoadSolenoids()
2017-11-02 10:23:00,379 INFO  - LoadAlarms()
2017-11-02 10:23:00,384 INFO  - LoadAnalogs()
2017-11-02 10:23:00,387 INFO  - LoadSchedules() todo
2017-11-02 10:23:00,387 INFO  - DeviceController.Init(): Initialization complete.
2017-11-02 10:23:00,479 INFO  - Switching to Manual mode
2017-11-02 10:23:00,480 DEBUG - SolenoidsOff()
2017-11-02 10:23:00,491 INFO  - GPIOSolenoid Id:1 Name:Station13 Description:Testing put solenoid Address:P1Pin25 State:True
2017-11-02 10:23:00,491 INFO  - GPIOSolenoid Id:2 Name:Station2 Description:Test solenoid 2 Address:P1Pin28 State:False
2017-11-02 10:23:00,491 INFO  - GPIOSolenoid Id:3 Name:Station3 Description:Test solenoid 3 Address:P1Pin26 State:False
2017-11-02 10:23:00,491 INFO  - GPIOSolenoid Id:4 Name:Station4 Description:Test solenoid 4 Address:P1Pin21 State:False
2017-11-02 10:23:00,491 DEBUG - 4 Solenoids configured
2017-11-02 10:23:00,496 INFO  - DistributedAlarm Id:1 Name:Station1 Address:Test alarm 1 Description:http://192.168.1.100/k2 State:False
2017-11-02 10:23:00,497 INFO  - GPIOAlarm Id:2 Name:Station2 Address:Test alarm 2 Description:P1Pin28 State:False
2017-11-02 10:23:00,498 INFO  - DistributedAlarm Id:3 Name:Station3 Address:Test alarm 3 Description:1 State:False
2017-11-02 10:23:00,498 INFO  - GPIOAlarm Id:4 Name:Station4 Address:Test alarm 4 Description:P1Pin21 State:False
2017-11-02 10:23:00,498 DEBUG - 4 Alarms configured
2017-11-02 10:23:00,549 INFO  - SPIAnalog Id:1 Name: Description: Address:http://192.168.1.100/k2 Multiplier:0 Units: Value:0
2017-11-02 10:23:00,549 DEBUG - 1 Analogs configured
2017-11-02 10:23:05,426 INFO  - Switching to Manual mode
2017-11-02 10:23:05,427 DEBUG - SolenoidsOff()
2017-11-02 10:23:10,447 INFO  - Switching to Manual mode
2017-11-02 10:23:10,447 DEBUG - SolenoidsOff()
2017-11-02 10:23:15,491 INFO  - Switching to Manual mode
2017-11-02 10:23:15,491 DEBUG - SolenoidsOff()
2017-11-02 10:23:20,426 INFO  - Switching to Manual mode
2017-11-02 10:23:20,426 DEBUG - SolenoidsOff()
2017-11-02 10:23:25,445 INFO  - Switching to Manual mode
2017-11-02 10:23:25,446 DEBUG - SolenoidsOff()
2017-11-02 10:23:30,434 INFO  - Switching to Manual mode
2017-11-02 10:23:30,435 DEBUG - SolenoidsOff()
2017-11-02 10:23:35,446 INFO  - Switching to Manual mode
2017-11-02 10:23:35,447 DEBUG - SolenoidsOff()
2017-11-02 10:23:40,444 INFO  - Switching to Manual mode
2017-11-02 10:23:40,445 DEBUG - SolenoidsOff()
2017-11-02 10:23:45,465 INFO  - Switching to Manual mode
2017-11-02 10:23:45,465 DEBUG - SolenoidsOff()
2017-11-02 10:23:50,443 INFO  - Switching to Manual mode
2017-11-02 10:23:50,444 DEBUG - SolenoidsOff()
2017-11-02 10:23:55,454 INFO  - Switching to Manual mode
2017-11-02 10:23:55,455 DEBUG - SolenoidsOff()
2017-11-02 10:24:00,461 INFO  - Switching to Manual mode
2017-11-02 10:24:00,462 DEBUG - SolenoidsOff()
2017-11-02 10:24:05,464 INFO  - Switching to Manual mode
2017-11-02 10:24:05,465 DEBUG - SolenoidsOff()
2017-11-02 10:24:10,443 INFO  - Switching to Manual mode
2017-11-02 10:24:10,443 DEBUG - SolenoidsOff()
2017-11-02 10:24:15,464 INFO  - Switching to Manual mode
2017-11-02 10:24:15,464 DEBUG - SolenoidsOff()
2017-11-02 10:27:22,187 INFO  - =====================================================
2017-11-02 10:27:22,205 INFO  - DeviceController.Init(): Initializing device...
2017-11-02 10:27:27,313 INFO  - LoadSpis()
2017-11-02 10:27:27,323 INFO  - LoadSolenoids()
2017-11-02 10:27:27,337 INFO  - LoadAlarms()
2017-11-02 10:27:27,349 INFO  - LoadAnalogs()
2017-11-02 10:27:27,380 INFO  - LoadSchedules() todo
2017-11-02 10:27:27,381 INFO  - DeviceController.Init(): Initialization complete.
2017-11-02 10:27:27,406 INFO  - SPIAnalog Id:1 Name: Description: Address:http://192.168.1.100/k2 Multiplier:0 Units: Value:0
2017-11-02 10:27:27,407 INFO  - DistributedAlarm Id:1 Name:Station1 Address:Test alarm 1 Description:http://192.168.1.100/k2 State:False
2017-11-02 10:27:27,407 DEBUG - 1 Analogs configured
2017-11-02 10:27:27,408 INFO  - GPIOAlarm Id:2 Name:Station2 Address:Test alarm 2 Description:P1Pin28 State:False
2017-11-02 10:27:27,409 INFO  - DistributedAlarm Id:3 Name:Station3 Address:Test alarm 3 Description:1 State:False
2017-11-02 10:27:27,409 INFO  - GPIOAlarm Id:4 Name:Station4 Address:Test alarm 4 Description:P1Pin21 State:False
2017-11-02 10:27:27,409 DEBUG - 4 Alarms configured
2017-11-02 10:27:27,412 INFO  - Switching to Manual mode
2017-11-02 10:27:27,412 DEBUG - SolenoidsOff()
2017-11-02 10:29:13,414 INFO  - =====================================================
2017-11-02 10:29:13,434 INFO  - DeviceController.Init(): Initializing device...
2017-11-02 10:29:18,548 INFO  - LoadSpis()
2017-11-02 10:29:18,560 INFO  - LoadSolenoids()
2017-11-02 10:29:18,577 INFO  - LoadAlarms()
2017-11-02 10:29:18,584 INFO  - LoadAnalogs()
2017-11-02 10:29:18,589 INFO  - LoadSchedules() todo
2017-11-02 10:29:18,590 INFO  - DeviceController.Init(): Initialization complete.
2017-11-02 10:29:18,644 INFO  - DistributedAlarm Id:1 Name:Station1 Address:Test alarm 1 Description:http://192.168.1.100/k2 State:False
2017-11-02 10:29:18,646 INFO  - GPIOAlarm Id:2 Name:Station2 Address:Test alarm 2 Description:P1Pin28 State:False
2017-11-02 10:29:18,647 INFO  - DistributedAlarm Id:3 Name:Station3 Address:Test alarm 3 Description:1 State:False
2017-11-02 10:29:18,647 INFO  - GPIOAlarm Id:4 Name:Station4 Address:Test alarm 4 Description:P1Pin21 State:False
2017-11-02 10:29:18,648 DEBUG - 4 Alarms configured
2017-11-02 10:29:18,653 INFO  - GPIOSolenoid Id:1 Name:Station13 Description:Testing put solenoid Address:P1Pin25 State:True
2017-11-02 10:29:18,658 INFO  - GPIOSolenoid Id:2 Name:Station2 Description:Test solenoid 2 Address:P1Pin28 State:False
2017-11-02 10:29:18,658 INFO  - GPIOSolenoid Id:3 Name:Station3 Description:Test solenoid 3 Address:P1Pin26 State:False
2017-11-02 10:29:18,658 INFO  - GPIOSolenoid Id:4 Name:Station4 Description:Test solenoid 4 Address:P1Pin21 State:False
2017-11-02 10:29:18,658 DEBUG - 4 Solenoids configured
2017-11-02 10:29:18,669 INFO  - Switching to Manual mode
2017-11-02 10:29:18,670 DEBUG - SolenoidsOff()
2017-11-02 10:29:18,671 INFO  - SPIAnalog Id:1 Name: Description: Address:http://192.168.1.100/k2 Multiplier:0 Units: Value:0
2017-11-02 10:29:18,671 DEBUG - 1 Analogs configured
2017-11-02 10:29:23,667 INFO  - Switching to Manual mode
2017-11-02 10:29:23,668 DEBUG - SolenoidsOff()
2017-11-02 10:29:28,623 INFO  - Switching to Manual mode
2017-11-02 10:29:28,626 DEBUG - SolenoidsOff()
2017-11-02 10:29:33,622 INFO  - Switching to Manual mode
2017-11-02 10:29:33,622 DEBUG - SolenoidsOff()
2017-11-02 10:29:38,654 INFO  - Switching to Manual mode
2017-11-02 10:29:38,655 DEBUG - SolenoidsOff()
2017-11-02 10:29:43,663 INFO  - Switching to Manual mode
2017-11-02 10:29:43,664 DEBUG - SolenoidsOff()
2017-11-02 10:29:48,642 INFO  - Switching to Manual mode
2017-11-02 10:29:48,642 DEBUG - SolenoidsOff()
2017-11-02 10:29:53,651 INFO  - Switching to Manual mode
2017-11-02 10:29:53,652 DEBUG - SolenoidsOff()
2017-11-02 10:29:58,642 INFO  - Switching to Manual mode
2017-11-02 10:29:58,644 DEBUG - SolenoidsOff()
2017-11-02 10:32:21,133 INFO  - =====================================================
2017-11-02 10:32:21,151 INFO  - DeviceController.Init(): Initializing device...
2017-11-02 10:32:26,264 INFO  - LoadSpis()
2017-11-02 10:32:26,276 INFO  - LoadSolenoids()
2017-11-02 10:32:26,287 INFO  - LoadAlarms()
2017-11-02 10:32:26,294 INFO  - LoadAnalogs()
2017-11-02 10:32:26,299 INFO  - LoadSchedules() todo
2017-11-02 10:32:26,300 INFO  - DeviceController.Init(): Initialization complete.
2017-11-02 10:32:26,330 INFO  - DistributedAlarm Id:1 Name:Station1 Address:Test alarm 1 Description:http://192.168.1.100/k2 State:False
2017-11-02 10:32:26,332 INFO  - GPIOAlarm Id:2 Name:Station2 Address:Test alarm 2 Description:P1Pin28 State:False
2017-11-02 10:32:26,333 INFO  - DistributedAlarm Id:3 Name:Station3 Address:Test alarm 3 Description:1 State:False
2017-11-02 10:32:26,333 INFO  - GPIOAlarm Id:4 Name:Station4 Address:Test alarm 4 Description:P1Pin21 State:False
2017-11-02 10:32:26,339 DEBUG - 4 Alarms configured
2017-11-02 10:34:05,824 INFO  - =====================================================
2017-11-02 10:34:05,840 INFO  - DeviceController.Init(): Initializing device...
2017-11-02 10:34:10,936 INFO  - LoadSpis()
2017-11-02 10:34:10,948 INFO  - LoadSolenoids()
2017-11-02 10:34:10,963 INFO  - LoadAlarms()
2017-11-02 10:34:10,970 INFO  - LoadAnalogs()
2017-11-02 10:34:10,974 INFO  - LoadSchedules() todo
2017-11-02 10:34:10,974 INFO  - DeviceController.Init(): Initialization complete.
2017-11-02 10:34:11,007 INFO  - GPIOSolenoid Id:1 Name:Station13 Description:Testing put solenoid Address:P1Pin25 State:True
2017-11-02 10:34:11,007 INFO  - GPIOSolenoid Id:2 Name:Station2 Description:Test solenoid 2 Address:P1Pin28 State:False
2017-11-02 10:34:11,007 INFO  - GPIOSolenoid Id:3 Name:Station3 Description:Test solenoid 3 Address:P1Pin26 State:False
2017-11-02 10:34:11,007 INFO  - GPIOSolenoid Id:4 Name:Station4 Description:Test solenoid 4 Address:P1Pin21 State:False
2017-11-02 10:34:11,013 DEBUG - 4 Solenoids configured
2017-11-02 10:34:11,021 INFO  - DistributedAlarm Id:1 Name:Station1 Address:Test alarm 1 Description:http://192.168.1.100/k2 State:False
2017-11-02 10:34:11,022 INFO  - GPIOAlarm Id:2 Name:Station2 Address:Test alarm 2 Description:P1Pin28 State:False
2017-11-02 10:34:11,024 INFO  - Switching to Manual mode
2017-11-02 10:34:11,024 INFO  - DistributedAlarm Id:3 Name:Station3 Address:Test alarm 3 Description:1 State:False
2017-11-02 10:34:11,024 INFO  - GPIOAlarm Id:4 Name:Station4 Address:Test alarm 4 Description:P1Pin21 State:False
2017-11-02 10:34:11,024 DEBUG - 4 Alarms configured
2017-11-02 10:34:11,025 DEBUG - SolenoidsOff()
2017-11-02 10:34:11,032 INFO  - SPIAnalog Id:1 Name: Description: Address:http://192.168.1.100/k2 Multiplier:0 Units: Value:0
2017-11-02 10:34:11,032 DEBUG - 1 Analogs configured
2017-11-02 10:34:16,025 INFO  - Switching to Manual mode
2017-11-02 10:34:16,027 DEBUG - SolenoidsOff()
2017-11-02 10:34:21,004 INFO  - Switching to Manual mode
2017-11-02 10:34:21,005 DEBUG - SolenoidsOff()
2017-11-02 10:34:26,030 INFO  - Switching to Manual mode
2017-11-02 10:34:26,031 DEBUG - SolenoidsOff()
2017-11-02 10:34:31,021 INFO  - Switching to Manual mode
2017-11-02 10:34:31,022 DEBUG - SolenoidsOff()
2017-11-02 10:34:36,039 INFO  - Switching to Manual mode
2017-11-02 10:34:36,039 DEBUG - SolenoidsOff()
2017-11-02 10:36:58,779 INFO  - =====================================================
2017-11-02 10:36:58,793 INFO  - DeviceController.Init(): Initializing device...
2017-11-02 10:37:03,878 INFO  - LoadSpis()
2017-11-02 10:37:03,885 INFO  - LoadSolenoids()
2017-11-02 10:37:03,899 INFO  - LoadAlarms()
2017-11-02 10:37:03,911 INFO  - LoadAnalogs()
2017-11-02 10:37:03,916 INFO  - LoadSchedules() todo
2017-11-02 10:37:03,921 INFO  - DeviceController.Init(): Initialization complete.
2017-11-02 10:37:03,955 INFO  - DistributedAlarm Id:1 Name:Station1 Address:Test alarm 1 Description:http://192.168.1.100/k2 State:False
2017-11-02 10:37:03,957 INFO  - GPIOAlarm Id:2 Name:Station2 Address:Test alarm 2 Description:P1Pin28 State:False
2017-11-02 10:37:03,958 INFO  - SPIAnalog Id:1 Name: Description: Address:http://192.168.1.100/k2 Multiplier:0 Units: Value:0
2017-11-02 10:37:03,959 INFO  - DistributedAlarm Id:3 Name:Station3 Address:Test alarm 3 Description:1 State:False
2017-11-02 10:37:03,959 INFO  - GPIOAlarm Id:4 Name:Station4 Address:Test alarm 4 Description:P1Pin21 State:False
2017-11-02 10:37:03,959 DEBUG - 1 Analogs configured
2017-11-02 10:37:03,959 DEBUG - 4 Alarms configured
2017-11-02 10:38:19,032 INFO  - =====================================================
2017-11-02 10:38:19,050 INFO  - DeviceController.Init(): Initializing device...
2017-11-02 10:38:24,162 INFO  - LoadSpis()
2017-11-02 10:38:24,170 INFO  - LoadSolenoids()
2017-11-02 10:38:24,175 INFO  - LoadAlarms()
2017-11-02 10:38:24,184 INFO  - LoadAnalogs()
2017-11-02 10:38:24,187 INFO  - LoadSchedules() todo
2017-11-02 10:38:24,187 INFO  - DeviceController.Init(): Initialization complete.
2017-11-02 10:38:24,227 INFO  - DistributedAlarm Id:1 Name:Station1 Address:Test alarm 1 Description:http://192.168.1.100/k2 State:False
2017-11-02 10:38:24,229 INFO  - GPIOAlarm Id:2 Name:Station2 Address:Test alarm 2 Description:P1Pin28 State:False
2017-11-02 10:38:24,229 INFO  - GPIOSolenoid Id:1 Name:Station13 Description:Testing put solenoid Address:P1Pin25 State:False
2017-11-02 10:38:24,229 INFO  - GPIOSolenoid Id:2 Name:Station2 Description:Test solenoid 2 Address:P1Pin28 State:True
2017-11-02 10:38:24,229 INFO  - GPIOSolenoid Id:3 Name:Station3 Description:Test solenoid 3 Address:P1Pin26 State:False
2017-11-02 10:38:24,229 INFO  - GPIOSolenoid Id:4 Name:Station4 Description:Test solenoid 4 Address:P1Pin21 State:False
2017-11-02 10:38:24,230 DEBUG - 4 Solenoids configured
2017-11-02 10:38:24,231 INFO  - DistributedAlarm Id:3 Name:Station3 Address:Test alarm 3 Description:1 State:False
2017-11-02 10:38:24,231 INFO  - GPIOAlarm Id:4 Name:Station4 Address:Test alarm 4 Description:P1Pin21 State:False
2017-11-02 10:38:24,231 DEBUG - 4 Alarms configured
2017-11-02 10:38:24,240 INFO  - SPIAnalog Id:1 Name: Description: Address:http://192.168.1.100/k2 Multiplier:0 Units: Value:0
2017-11-02 10:38:24,240 DEBUG - 1 Analogs configured
2017-11-02 10:39:09,249 INFO  - Switching to Manual mode
2017-11-02 10:39:09,252 DEBUG - SolenoidsOff()
2017-11-02 10:39:57,898 INFO  - Switching to Manual mode
2017-11-02 10:39:57,902 DEBUG - SolenoidsOff()
2017-11-02 10:40:05,133 INFO  - Switching to Manual mode
2017-11-02 10:40:05,151 DEBUG - SolenoidsOff()
2017-11-02 10:42:30,877 INFO  - =====================================================
2017-11-02 10:42:30,897 INFO  - DeviceController.Init(): Initializing device...
2017-11-02 10:42:35,987 INFO  - LoadSpis()
2017-11-02 10:42:35,995 INFO  - LoadSolenoids()
2017-11-02 10:42:36,002 INFO  - LoadAlarms()
2017-11-02 10:42:36,008 INFO  - LoadAnalogs()
2017-11-02 10:42:36,011 INFO  - LoadSchedules() todo
2017-11-02 10:42:36,012 INFO  - DeviceController.Init(): Initialization complete.
2017-11-02 10:42:36,173 INFO  - SPIAnalog Id:1 Name: Description: Address:http://192.168.1.100/k2 Multiplier:0 Units: Value:0
2017-11-02 10:43:06,253 INFO  - =====================================================
2017-11-02 10:43:06,269 INFO  - DeviceController.Init(): Initializing device...
2017-11-02 10:43:11,371 INFO  - LoadSpis()
2017-11-02 10:43:11,385 INFO  - LoadSolenoids()
2017-11-02 10:43:11,395 INFO  - LoadAlarms()
2017-11-02 10:43:11,408 INFO  - LoadAnalogs()
2017-11-02 10:43:11,411 INFO  - LoadSchedules() todo
2017-11-02 10:43:11,411 INFO  - DeviceController.Init(): Initialization complete.
2017-11-02 10:43:11,543 INFO  - GPIOSolenoid Id:1 Name:Station13 Description:Testing put solenoid Address:P1Pin25 State:False
2017-11-02 10:43:11,543 INFO  - GPIOSolenoid Id:2 Name:Station2 Description:Test solenoid 2 Address:P1Pin28 State:True
2017-11-02 10:43:11,543 INFO  - GPIOSolenoid Id:3 Name:Station3 Description:Test solenoid 3 Address:P1Pin26 State:False
2017-11-02 10:43:11,543 INFO  - GPIOSolenoid Id:4 Name:Station4 Description:Test solenoid 4 Address:P1Pin21 State:False
2017-11-02 10:43:11,544 DEBUG - 4 Solenoids configured
2017-11-02 10:43:11,555 INFO  - SPIAnalog Id:1 Name: Description: Address:http://192.168.1.100/k2 Multiplier:0 Units: Value:0
2017-11-02 10:43:11,555 DEBUG - 1 Analogs configured
2017-11-02 10:43:11,556 INFO  - DistributedAlarm Id:1 Name:Station1 Address:Test alarm 1 Description:http://192.168.1.100/k2 State:False
2017-11-02 10:43:11,556 INFO  - GPIOAlarm Id:2 Name:Station2 Address:Test alarm 2 Description:P1Pin28 State:False
2017-11-02 10:43:11,557 INFO  - DistributedAlarm Id:3 Name:Station3 Address:Test alarm 3 Description:1 State:False
2017-11-02 10:43:11,557 INFO  - GPIOAlarm Id:4 Name:Station4 Address:Test alarm 4 Description:P1Pin21 State:False
2017-11-02 10:43:11,557 DEBUG - 4 Alarms configured
2017-11-02 10:43:36,488 INFO  - Switching to Manual mode
2017-11-02 10:43:36,489 DEBUG - SolenoidsOff()
2017-11-02 11:17:59,843 INFO  - =====================================================
2017-11-02 11:17:59,860 INFO  - DeviceController.Init(): Initializing device...
2017-11-02 11:18:04,964 INFO  - LoadSpis()
2017-11-02 11:18:04,979 INFO  - LoadSolenoids()
2017-11-02 11:18:04,988 INFO  - LoadAlarms()
2017-11-02 11:18:04,993 INFO  - LoadAnalogs()
2017-11-02 11:18:04,996 INFO  - LoadSchedules() todo
2017-11-02 11:18:04,996 INFO  - DeviceController.Init(): Initialization complete.
2017-11-02 11:18:05,124 INFO  - SPIAnalog Id:1 Name: Description: Address:http://192.168.1.100/k2 Multiplier:0 Units: Value:0
2017-11-02 11:18:05,126 DEBUG - 1 Analogs configured
2017-11-02 11:18:05,154 INFO  - DistributedAlarm Id:1 Name:Station1 Address:Test alarm 1 Description:http://192.168.1.100/k2 State:False
2017-11-02 11:18:45,028 INFO  - =====================================================
2017-11-02 11:18:45,046 INFO  - DeviceController.Init(): Initializing device...
2017-11-02 11:18:50,169 INFO  - LoadSpis()
2017-11-02 11:18:50,179 INFO  - LoadSolenoids()
2017-11-02 11:18:50,192 INFO  - LoadAlarms()
2017-11-02 11:18:50,199 INFO  - LoadAnalogs()
2017-11-02 11:18:50,202 INFO  - LoadSchedules() todo
2017-11-02 11:18:50,202 INFO  - DeviceController.Init(): Initialization complete.
2017-11-02 11:18:50,315 INFO  - DistributedAlarm Id:1 Name:Station1 Address:Test alarm 1 Description:http://192.168.1.100/k2 State:False
2017-11-02 11:18:50,317 INFO  - GPIOAlarm Id:2 Name:Station2 Address:Test alarm 2 Description:P1Pin28 State:False
2017-11-02 11:18:50,320 INFO  - DistributedAlarm Id:3 Name:Station3 Address:Test alarm 3 Description:1 State:False
2017-11-02 11:18:50,320 INFO  - GPIOAlarm Id:4 Name:Station4 Address:Test alarm 4 Description:P1Pin21 State:False
2017-11-02 11:18:50,320 DEBUG - 4 Alarms configured
2017-11-02 11:18:50,324 INFO  - GPIOSolenoid Id:1 Name:Station13 Description:Testing put solenoid Address:P1Pin25 State:True
2017-11-02 11:18:50,324 INFO  - GPIOSolenoid Id:2 Name:Station2 Description:Test solenoid 2 Address:P1Pin28 State:True
2017-11-02 11:18:50,324 INFO  - GPIOSolenoid Id:3 Name:Station3 Description:Test solenoid 3 Address:P1Pin26 State:False
2017-11-02 11:18:50,324 INFO  - GPIOSolenoid Id:4 Name:Station4 Description:Test solenoid 4 Address:P1Pin21 State:False
2017-11-02 11:18:50,324 DEBUG - 4 Solenoids configured
2017-11-02 11:18:50,327 INFO  - SPIAnalog Id:1 Name: Description: Address:http://192.168.1.100/k2 Multiplier:0 Units: Value:0
2017-11-02 11:18:50,327 DEBUG - 1 Analogs configured
2017-11-02 11:19:20,255 INFO  - Switching to Manual mode
2017-11-02 11:19:20,256 DEBUG - SolenoidsOff()
2017-11-02 11:27:55,036 INFO  - =====================================================
2017-11-02 11:27:55,054 INFO  - DeviceController.Init(): Initializing device...
2017-11-02 11:28:00,155 INFO  - LoadSpis()
2017-11-02 11:28:00,168 INFO  - LoadSolenoids()
2017-11-02 11:28:00,180 INFO  - LoadAlarms()
2017-11-02 11:28:00,189 INFO  - LoadAnalogs()
2017-11-02 11:28:00,192 INFO  - LoadSchedules() todo
2017-11-02 11:28:00,193 INFO  - DeviceController.Init(): Initialization complete.
2017-11-02 11:28:00,247 INFO  - DistributedAlarm Id:1 Name:Station1 Address:Test alarm 1 Description:http://192.168.1.100/k2 State:False
2017-11-02 11:28:00,252 INFO  - GPIOAlarm Id:2 Name:Station2 Address:Test alarm 2 Description:P1Pin28 State:False
2017-11-02 11:28:00,252 INFO  - GPIOSolenoid Id:1 Name:Station13 Description:Testing put solenoid Address:P1Pin25 State:False
2017-11-02 11:28:00,252 INFO  - GPIOSolenoid Id:2 Name:Station2 Description:Test solenoid 2 Address:P1Pin28 State:True
2017-11-02 11:28:00,253 INFO  - GPIOSolenoid Id:3 Name:Station3 Description:Test solenoid 3 Address:P1Pin26 State:False
2017-11-02 11:28:00,253 INFO  - GPIOSolenoid Id:4 Name:Station4 Description:Test solenoid 4 Address:P1Pin21 State:False
2017-11-02 11:28:00,253 INFO  - DistributedAlarm Id:3 Name:Station3 Address:Test alarm 3 Description:1 State:False
2017-11-02 11:28:00,253 INFO  - GPIOAlarm Id:4 Name:Station4 Address:Test alarm 4 Description:P1Pin21 State:False
2017-11-02 11:28:00,254 DEBUG - 4 Solenoids configured
2017-11-02 11:28:00,254 DEBUG - 4 Alarms configured
2017-11-02 11:28:00,287 INFO  - SPIAnalog Id:1 Name: Description: Address:http://192.168.1.100/k2 Multiplier:0 Units: Value:0
2017-11-02 11:28:00,287 DEBUG - 1 Analogs configured
2017-11-02 11:28:30,237 INFO  - Switching to Manual mode
2017-11-02 11:28:30,238 DEBUG - SolenoidsOff()
2017-11-02 11:36:58,148 INFO  - =====================================================
2017-11-02 11:36:58,163 INFO  - DeviceController.Init(): Initializing device...
2017-11-02 11:37:03,270 INFO  - LoadSpis()
2017-11-02 11:37:03,291 INFO  - LoadSolenoids()
2017-11-02 11:37:03,299 INFO  - LoadAlarms()
2017-11-02 11:37:03,314 INFO  - LoadAnalogs()
2017-11-02 11:37:03,317 INFO  - LoadSchedules() todo
2017-11-02 11:37:03,318 INFO  - DeviceController.Init(): Initialization complete.
2017-11-02 11:37:09,740 INFO  - GPIOSolenoid Id:1 Name:Station13 Description:Testing put solenoid Address:P1Pin25 State:False
2017-11-02 11:37:09,740 INFO  - GPIOSolenoid Id:2 Name:Station2 Description:Test solenoid 2 Address:P1Pin28 State:False
2017-11-02 11:37:09,740 INFO  - GPIOSolenoid Id:3 Name:Station3 Description:Test solenoid 3 Address:P1Pin26 State:True
2017-11-02 11:37:09,741 INFO  - GPIOSolenoid Id:4 Name:Station4 Description:Test solenoid 4 Address:P1Pin21 State:False
2017-11-02 11:37:09,742 DEBUG - 4 Solenoids configured
2017-11-02 11:37:09,743 INFO  - DistributedAlarm Id:1 Name:Station1 Address:Test alarm 1 Description:http://192.168.1.100/k2 State:False
2017-11-02 11:37:09,745 INFO  - GPIOAlarm Id:2 Name:Station2 Address:Test alarm 2 Description:P1Pin28 State:False
2017-11-02 11:37:09,747 INFO  - DistributedAlarm Id:3 Name:Station3 Address:Test alarm 3 Description:1 State:False
2017-11-02 11:37:09,747 INFO  - GPIOAlarm Id:4 Name:Station4 Address:Test alarm 4 Description:P1Pin21 State:False
2017-11-02 11:37:09,747 DEBUG - 4 Alarms configured
2017-11-02 11:37:09,768 DEBUG - SolenoidsOff()
2017-11-02 11:37:09,772 INFO  - SPIAnalog Id:1 Name: Description: Address:http://192.168.1.100/k2 Multiplier:0 Units: Value:0
2017-11-02 11:37:09,772 DEBUG - 1 Analogs configured
2017-11-02 11:37:49,769 INFO  - Switching to Manual mode
2017-11-02 11:37:49,770 DEBUG - SolenoidsOff()
2017-11-02 11:38:49,841 DEBUG - SolenoidsOff()
2017-11-02 11:38:49,842 INFO  - Aborting manual irrigation program
